<?xml version="1.0" encoding="UTF-8"?>
<coverage generated="1582491911219" clover="3.2.0">
  <project timestamp="1582491911219" name="All files">
    <metrics statements="44" coveredstatements="43" conditionals="9" coveredconditionals="8" methods="10" coveredmethods="10" elements="63" coveredelements="61" complexity="0" loc="44" ncloc="44" packages="1" files="4" classes="4"/>
    <file name="compare.js" path="/home/galina/Документы/HEXLET/backend-project-lvl2/src/compare.js">
      <metrics statements="18" coveredstatements="18" conditionals="4" coveredconditionals="4" methods="5" coveredmethods="5"/>
      <line num="3" count="4" type="stmt"/>
      <line num="5" count="8" type="stmt"/>
      <line num="6" count="8" type="stmt"/>
      <line num="9" count="8" type="cond" truecount="2" falsecount="0"/>
      <line num="10" count="4" type="stmt"/>
      <line num="16" count="4" type="stmt"/>
      <line num="24" count="8" type="stmt"/>
      <line num="27" count="4" type="stmt"/>
      <line num="31" count="8" type="cond" truecount="2" falsecount="0"/>
      <line num="32" count="4" type="stmt"/>
      <line num="38" count="4" type="stmt"/>
      <line num="45" count="8" type="stmt"/>
      <line num="49" count="4" type="stmt"/>
      <line num="50" count="4" type="stmt"/>
      <line num="52" count="4" type="stmt"/>
      <line num="53" count="4" type="stmt"/>
      <line num="54" count="4" type="stmt"/>
      <line num="59" count="4" type="stmt"/>
    </file>
    <file name="exporters.js" path="/home/galina/Документы/HEXLET/backend-project-lvl2/src/exporters.js">
      <metrics statements="13" coveredstatements="12" conditionals="5" coveredconditionals="4" methods="2" coveredmethods="2"/>
      <line num="2" count="2" type="stmt"/>
      <line num="5" count="8" type="cond" truecount="4" falsecount="1"/>
      <line num="7" count="2" type="stmt"/>
      <line num="10" count="2" type="stmt"/>
      <line num="13" count="2" type="stmt"/>
      <line num="17" count="2" type="stmt"/>
      <line num="20" count="2" type="stmt"/>
      <line num="23" count="2" type="stmt"/>
      <line num="26" count="2" type="stmt"/>
      <line num="29" count="2" type="stmt"/>
      <line num="32" count="0" type="stmt"/>
      <line num="35" count="8" type="stmt"/>
      <line num="38" count="2" type="stmt"/>
    </file>
    <file name="index.js" path="/home/galina/Документы/HEXLET/backend-project-lvl2/src/index.js">
      <metrics statements="9" coveredstatements="9" conditionals="0" coveredconditionals="0" methods="2" coveredmethods="2"/>
      <line num="6" count="1" type="stmt"/>
      <line num="7" count="2" type="stmt"/>
      <line num="8" count="2" type="stmt"/>
      <line num="9" count="2" type="stmt"/>
      <line num="13" count="2" type="stmt"/>
      <line num="14" count="2" type="stmt"/>
      <line num="15" count="2" type="stmt"/>
      <line num="16" count="2" type="stmt"/>
      <line num="18" count="2" type="stmt"/>
    </file>
    <file name="parsers.js" path="/home/galina/Документы/HEXLET/backend-project-lvl2/src/parsers.js">
      <metrics statements="4" coveredstatements="4" conditionals="0" coveredconditionals="0" methods="1" coveredmethods="1"/>
      <line num="5" count="1" type="stmt"/>
      <line num="11" count="8" type="stmt"/>
      <line num="12" count="8" type="stmt"/>
      <line num="13" count="8" type="stmt"/>
    </file>
  </project>
</coverage>
