{"/home/galina/Документы/HEXLET/backend-project-lvl2/src/compare.js": {"path":"/home/galina/Документы/HEXLET/backend-project-lvl2/src/compare.js","statementMap":{"0":{"start":{"line":3,"column":25},"end":{"line":25,"column":8}},"1":{"start":{"line":3,"column":53},"end":{"line":25,"column":8}},"2":{"start":{"line":5,"column":19},"end":{"line":5,"column":28}},"3":{"start":{"line":6,"column":19},"end":{"line":6,"column":28}},"4":{"start":{"line":9,"column":4},"end":{"line":22,"column":5}},"5":{"start":{"line":10,"column":6},"end":{"line":14,"column":8}},"6":{"start":{"line":16,"column":6},"end":{"line":21,"column":8}},"7":{"start":{"line":24,"column":4},"end":{"line":24,"column":28}},"8":{"start":{"line":27,"column":28},"end":{"line":46,"column":8}},"9":{"start":{"line":27,"column":59},"end":{"line":46,"column":8}},"10":{"start":{"line":31,"column":4},"end":{"line":43,"column":5}},"11":{"start":{"line":32,"column":6},"end":{"line":36,"column":8}},"12":{"start":{"line":38,"column":6},"end":{"line":42,"column":8}},"13":{"start":{"line":45,"column":4},"end":{"line":45,"column":28}},"14":{"start":{"line":49,"column":16},"end":{"line":49,"column":33}},"15":{"start":{"line":50,"column":16},"end":{"line":50,"column":33}},"16":{"start":{"line":52,"column":24},"end":{"line":52,"column":43}},"17":{"start":{"line":53,"column":21},"end":{"line":53,"column":49}},"18":{"start":{"line":54,"column":17},"end":{"line":57,"column":3}},"19":{"start":{"line":59,"column":2},"end":{"line":59,"column":16}}},"fnMap":{"0":{"name":"(anonymous_0)","decl":{"start":{"line":3,"column":25},"end":{"line":3,"column":26}},"loc":{"start":{"line":3,"column":53},"end":{"line":25,"column":8}},"line":3},"1":{"name":"(anonymous_1)","decl":{"start":{"line":4,"column":10},"end":{"line":4,"column":11}},"loc":{"start":{"line":4,"column":24},"end":{"line":25,"column":3}},"line":4},"2":{"name":"(anonymous_2)","decl":{"start":{"line":27,"column":28},"end":{"line":27,"column":29}},"loc":{"start":{"line":27,"column":59},"end":{"line":46,"column":8}},"line":27},"3":{"name":"(anonymous_3)","decl":{"start":{"line":28,"column":10},"end":{"line":28,"column":11}},"loc":{"start":{"line":28,"column":24},"end":{"line":46,"column":3}},"line":28},"4":{"name":"(anonymous_4)","decl":{"start":{"line":48,"column":15},"end":{"line":48,"column":16}},"loc":{"start":{"line":48,"column":31},"end":{"line":60,"column":1}},"line":48}},"branchMap":{"0":{"loc":{"start":{"line":9,"column":4},"end":{"line":22,"column":5}},"type":"if","locations":[{"start":{"line":9,"column":4},"end":{"line":22,"column":5}},{"start":{"line":9,"column":4},"end":{"line":22,"column":5}}],"line":9},"1":{"loc":{"start":{"line":31,"column":4},"end":{"line":43,"column":5}},"type":"if","locations":[{"start":{"line":31,"column":4},"end":{"line":43,"column":5}},{"start":{"line":31,"column":4},"end":{"line":43,"column":5}}],"line":31}},"s":{"0":1,"1":4,"2":8,"3":8,"4":8,"5":4,"6":4,"7":8,"8":1,"9":4,"10":8,"11":4,"12":4,"13":8,"14":4,"15":4,"16":4,"17":4,"18":4,"19":4},"f":{"0":4,"1":8,"2":4,"3":8,"4":4},"b":{"0":[4,4],"1":[4,4]},"_coverageSchema":"1a1c01bbd47fc00a2c39e90264f33305004495a9","hash":"d9f280655f45b29281b4ea659feb23b5f1926e79"}
,"/home/galina/Документы/HEXLET/backend-project-lvl2/src/exporters.js": {"path":"/home/galina/Документы/HEXLET/backend-project-lvl2/src/exporters.js","statementMap":{"0":{"start":{"line":2,"column":19},"end":{"line":36,"column":8}},"1":{"start":{"line":5,"column":4},"end":{"line":33,"column":5}},"2":{"start":{"line":7,"column":8},"end":{"line":9,"column":10}},"3":{"start":{"line":10,"column":8},"end":{"line":10,"column":14}},"4":{"start":{"line":13,"column":8},"end":{"line":16,"column":10}},"5":{"start":{"line":17,"column":8},"end":{"line":17,"column":14}},"6":{"start":{"line":20,"column":8},"end":{"line":22,"column":10}},"7":{"start":{"line":23,"column":8},"end":{"line":23,"column":14}},"8":{"start":{"line":26,"column":8},"end":{"line":28,"column":10}},"9":{"start":{"line":29,"column":8},"end":{"line":29,"column":14}},"10":{"start":{"line":32,"column":8},"end":{"line":32,"column":14}},"11":{"start":{"line":35,"column":4},"end":{"line":35,"column":30}},"12":{"start":{"line":38,"column":2},"end":{"line":44,"column":25}}},"fnMap":{"0":{"name":"(anonymous_0)","decl":{"start":{"line":1,"column":15},"end":{"line":1,"column":16}},"loc":{"start":{"line":1,"column":32},"end":{"line":45,"column":1}},"line":1},"1":{"name":"(anonymous_1)","decl":{"start":{"line":2,"column":38},"end":{"line":2,"column":39}},"loc":{"start":{"line":2,"column":56},"end":{"line":36,"column":3}},"line":2}},"branchMap":{"0":{"loc":{"start":{"line":5,"column":4},"end":{"line":33,"column":5}},"type":"switch","locations":[{"start":{"line":6,"column":6},"end":{"line":10,"column":14}},{"start":{"line":12,"column":6},"end":{"line":17,"column":14}},{"start":{"line":19,"column":6},"end":{"line":23,"column":14}},{"start":{"line":25,"column":6},"end":{"line":29,"column":14}},{"start":{"line":31,"column":6},"end":{"line":32,"column":14}}],"line":5}},"s":{"0":2,"1":8,"2":2,"3":2,"4":2,"5":2,"6":2,"7":2,"8":2,"9":2,"10":0,"11":8,"12":2},"f":{"0":2,"1":8},"b":{"0":[2,2,2,2,0]},"_coverageSchema":"1a1c01bbd47fc00a2c39e90264f33305004495a9","hash":"69c2faadef463c830700a437ee838acd3b2b0527"}
,"/home/galina/Документы/HEXLET/backend-project-lvl2/src/index.js": {"path":"/home/galina/Документы/HEXLET/backend-project-lvl2/src/index.js","statementMap":{"0":{"start":{"line":6,"column":36},"end":{"line":10,"column":1}},"1":{"start":{"line":7,"column":15},"end":{"line":7,"column":35}},"2":{"start":{"line":8,"column":15},"end":{"line":8,"column":35}},"3":{"start":{"line":9,"column":2},"end":{"line":9,"column":36}},"4":{"start":{"line":13,"column":15},"end":{"line":13,"column":35}},"5":{"start":{"line":14,"column":15},"end":{"line":14,"column":35}},"6":{"start":{"line":15,"column":17},"end":{"line":15,"column":43}},"7":{"start":{"line":16,"column":22},"end":{"line":16,"column":36}},"8":{"start":{"line":18,"column":2},"end":{"line":18,"column":21}}},"fnMap":{"0":{"name":"(anonymous_0)","decl":{"start":{"line":6,"column":36},"end":{"line":6,"column":37}},"loc":{"start":{"line":6,"column":62},"end":{"line":10,"column":1}},"line":6},"1":{"name":"(anonymous_1)","decl":{"start":{"line":12,"column":15},"end":{"line":12,"column":16}},"loc":{"start":{"line":12,"column":41},"end":{"line":19,"column":1}},"line":12}},"branchMap":{},"s":{"0":1,"1":2,"2":2,"3":2,"4":2,"5":2,"6":2,"7":2,"8":2},"f":{"0":2,"1":2},"b":{},"_coverageSchema":"1a1c01bbd47fc00a2c39e90264f33305004495a9","hash":"0d99fd6e25c43f90fc8b78d84664d81e0eb6b7e8"}
,"/home/galina/Документы/HEXLET/backend-project-lvl2/src/parsers.js": {"path":"/home/galina/Документы/HEXLET/backend-project-lvl2/src/parsers.js","statementMap":{"0":{"start":{"line":5,"column":21},"end":{"line":8,"column":1}},"1":{"start":{"line":11,"column":17},"end":{"line":11,"column":53}},"2":{"start":{"line":12,"column":17},"end":{"line":12,"column":42}},"3":{"start":{"line":13,"column":2},"end":{"line":13,"column":24}}},"fnMap":{"0":{"name":"(anonymous_0)","decl":{"start":{"line":10,"column":15},"end":{"line":10,"column":16}},"loc":{"start":{"line":10,"column":29},"end":{"line":14,"column":1}},"line":10}},"branchMap":{},"s":{"0":1,"1":8,"2":8,"3":8},"f":{"0":8},"b":{},"_coverageSchema":"1a1c01bbd47fc00a2c39e90264f33305004495a9","hash":"c7d12a1ad20318106f23b8149aefbbc18205e391"}
}
