TN:
SF:src/compare.js
FN:3,(anonymous_0)
FN:4,(anonymous_1)
FN:27,(anonymous_2)
FN:28,(anonymous_3)
FN:48,(anonymous_4)
FNF:5
FNH:5
FNDA:4,(anonymous_0)
FNDA:8,(anonymous_1)
FNDA:4,(anonymous_2)
FNDA:8,(anonymous_3)
FNDA:4,(anonymous_4)
DA:3,4
DA:5,8
DA:6,8
DA:9,8
DA:10,4
DA:16,4
DA:24,8
DA:27,4
DA:31,8
DA:32,4
DA:38,4
DA:45,8
DA:49,4
DA:50,4
DA:52,4
DA:53,4
DA:54,4
DA:59,4
LF:18
LH:18
BRDA:9,0,0,4
BRDA:9,0,1,4
BRDA:31,1,0,4
BRDA:31,1,1,4
BRF:4
BRH:4
end_of_record
TN:
SF:src/exporters.js
FN:1,(anonymous_0)
FN:2,(anonymous_1)
FNF:2
FNH:2
FNDA:2,(anonymous_0)
FNDA:8,(anonymous_1)
DA:2,2
DA:5,8
DA:7,2
DA:10,2
DA:13,2
DA:17,2
DA:20,2
DA:23,2
DA:26,2
DA:29,2
DA:32,0
DA:35,8
DA:38,2
LF:13
LH:12
BRDA:5,0,0,2
BRDA:5,0,1,2
BRDA:5,0,2,2
BRDA:5,0,3,2
BRDA:5,0,4,0
BRF:5
BRH:4
end_of_record
TN:
SF:src/index.js
FN:6,(anonymous_0)
FN:12,(anonymous_1)
FNF:2
FNH:2
FNDA:2,(anonymous_0)
FNDA:2,(anonymous_1)
DA:6,1
DA:7,2
DA:8,2
DA:9,2
DA:13,2
DA:14,2
DA:15,2
DA:16,2
DA:18,2
LF:9
LH:9
BRF:0
BRH:0
end_of_record
TN:
SF:src/parsers.js
FN:10,(anonymous_0)
FNF:1
FNH:1
FNDA:8,(anonymous_0)
DA:5,1
DA:11,8
DA:12,8
DA:13,8
LF:4
LH:4
BRF:0
BRH:0
end_of_record
